\BOOKMARK [0][-]{chapter.1}{\376\377\000R\000E\000A\000D\000M\000E}{}% 1
\BOOKMARK [0][-]{chapter.2}{\376\377\000C\000l\000a\000s\000s\000\040\000I\000n\000d\000e\000x}{}% 2
\BOOKMARK [1][-]{section.2.1}{\376\377\000C\000l\000a\000s\000s\000\040\000L\000i\000s\000t}{chapter.2}% 3
\BOOKMARK [0][-]{chapter.3}{\376\377\000F\000i\000l\000e\000\040\000I\000n\000d\000e\000x}{}% 4
\BOOKMARK [1][-]{section.3.1}{\376\377\000F\000i\000l\000e\000\040\000L\000i\000s\000t}{chapter.3}% 5
\BOOKMARK [0][-]{chapter.4}{\376\377\000C\000l\000a\000s\000s\000\040\000D\000o\000c\000u\000m\000e\000n\000t\000a\000t\000i\000o\000n}{}% 6
\BOOKMARK [1][-]{section.4.1}{\376\377\000M\000y\000P\000u\000b\000l\000i\000s\000h\000e\000r\000<\000\040\000T\000\040\000>\000\040\000C\000l\000a\000s\000s\000\040\000T\000e\000m\000p\000l\000a\000t\000e\000\040\000R\000e\000f\000e\000r\000e\000n\000c\000e}{chapter.4}% 7
\BOOKMARK [2][-]{subsection.4.1.1}{\376\377\000D\000e\000t\000a\000i\000l\000e\000d\000\040\000D\000e\000s\000c\000r\000i\000p\000t\000i\000o\000n}{section.4.1}% 8
\BOOKMARK [2][-]{subsection.4.1.2}{\376\377\000C\000o\000n\000s\000t\000r\000u\000c\000t\000o\000r\000\040\000\046\000\040\000D\000e\000s\000t\000r\000u\000c\000t\000o\000r\000\040\000D\000o\000c\000u\000m\000e\000n\000t\000a\000t\000i\000o\000n}{section.4.1}% 9
\BOOKMARK [3][-]{subsubsection.4.1.2.1}{\376\377\000M\000y\000P\000u\000b\000l\000i\000s\000h\000e\000r}{subsection.4.1.2}% 10
\BOOKMARK [2][-]{subsection.4.1.3}{\376\377\000M\000e\000m\000b\000e\000r\000\040\000F\000u\000n\000c\000t\000i\000o\000n\000\040\000D\000o\000c\000u\000m\000e\000n\000t\000a\000t\000i\000o\000n}{section.4.1}% 11
\BOOKMARK [3][-]{subsubsection.4.1.3.1}{\376\377\000G\000e\000t\000T\000o\000p\000i\000c\000N\000a\000m\000e}{subsection.4.1.3}% 12
\BOOKMARK [3][-]{subsubsection.4.1.3.2}{\376\377\000o\000p\000e\000r\000a\000t\000o\000r\000<\000<}{subsection.4.1.3}% 13
\BOOKMARK [3][-]{subsubsection.4.1.3.3}{\376\377\000P\000u\000s\000h}{subsection.4.1.3}% 14
\BOOKMARK [1][-]{section.4.2}{\376\377\000M\000y\000R\000O\000S\000\040\000C\000l\000a\000s\000s\000\040\000R\000e\000f\000e\000r\000e\000n\000c\000e}{chapter.4}% 15
\BOOKMARK [2][-]{subsection.4.2.1}{\376\377\000D\000e\000t\000a\000i\000l\000e\000d\000\040\000D\000e\000s\000c\000r\000i\000p\000t\000i\000o\000n}{section.4.2}% 16
\BOOKMARK [2][-]{subsection.4.2.2}{\376\377\000C\000o\000n\000s\000t\000r\000u\000c\000t\000o\000r\000\040\000\046\000\040\000D\000e\000s\000t\000r\000u\000c\000t\000o\000r\000\040\000D\000o\000c\000u\000m\000e\000n\000t\000a\000t\000i\000o\000n}{section.4.2}% 17
\BOOKMARK [3][-]{subsubsection.4.2.2.1}{\376\377\000M\000y\000R\000O\000S}{subsection.4.2.2}% 18
\BOOKMARK [2][-]{subsection.4.2.3}{\376\377\000M\000e\000m\000b\000e\000r\000\040\000F\000u\000n\000c\000t\000i\000o\000n\000\040\000D\000o\000c\000u\000m\000e\000n\000t\000a\000t\000i\000o\000n}{section.4.2}% 19
\BOOKMARK [3][-]{subsubsection.4.2.3.1}{\376\377\000G\000e\000t\000N\000o\000d\000e\000H\000a\000n\000d\000l\000e\000P\000o\000i\000n\000t\000e\000r}{subsection.4.2.3}% 20
\BOOKMARK [3][-]{subsubsection.4.2.3.2}{\376\377\000R\000u\000n}{subsection.4.2.3}% 21
\BOOKMARK [1][-]{section.4.3}{\376\377\000M\000y\000S\000u\000b\000s\000c\000r\000i\000b\000e\000r\000<\000\040\000T\000\040\000>\000\040\000C\000l\000a\000s\000s\000\040\000T\000e\000m\000p\000l\000a\000t\000e\000\040\000R\000e\000f\000e\000r\000e\000n\000c\000e}{chapter.4}% 22
\BOOKMARK [2][-]{subsection.4.3.1}{\376\377\000D\000e\000t\000a\000i\000l\000e\000d\000\040\000D\000e\000s\000c\000r\000i\000p\000t\000i\000o\000n}{section.4.3}% 23
\BOOKMARK [2][-]{subsection.4.3.2}{\376\377\000C\000o\000n\000s\000t\000r\000u\000c\000t\000o\000r\000\040\000\046\000\040\000D\000e\000s\000t\000r\000u\000c\000t\000o\000r\000\040\000D\000o\000c\000u\000m\000e\000n\000t\000a\000t\000i\000o\000n}{section.4.3}% 24
\BOOKMARK [3][-]{subsubsection.4.3.2.1}{\376\377\000M\000y\000S\000u\000b\000s\000c\000r\000i\000b\000e\000r}{subsection.4.3.2}% 25
\BOOKMARK [2][-]{subsection.4.3.3}{\376\377\000M\000e\000m\000b\000e\000r\000\040\000F\000u\000n\000c\000t\000i\000o\000n\000\040\000D\000o\000c\000u\000m\000e\000n\000t\000a\000t\000i\000o\000n}{section.4.3}% 26
\BOOKMARK [3][-]{subsubsection.4.3.3.1}{\376\377\000c\000a\000l\000l\000b\000a\000c\000k}{subsection.4.3.3}% 27
\BOOKMARK [3][-]{subsubsection.4.3.3.2}{\376\377\000G\000e\000t}{subsection.4.3.3}% 28
\BOOKMARK [3][-]{subsubsection.4.3.3.3}{\376\377\000G\000e\000t}{subsection.4.3.3}% 29
\BOOKMARK [3][-]{subsubsection.4.3.3.4}{\376\377\000I\000s\000N\000e\000w}{subsection.4.3.3}% 30
\BOOKMARK [1][-]{section.4.4}{\376\377\000M\000y\000V\000r\000e\000p\000\040\000C\000l\000a\000s\000s\000\040\000R\000e\000f\000e\000r\000e\000n\000c\000e}{chapter.4}% 31
\BOOKMARK [2][-]{subsection.4.4.1}{\376\377\000C\000o\000n\000s\000t\000r\000u\000c\000t\000o\000r\000\040\000\046\000\040\000D\000e\000s\000t\000r\000u\000c\000t\000o\000r\000\040\000D\000o\000c\000u\000m\000e\000n\000t\000a\000t\000i\000o\000n}{section.4.4}% 32
\BOOKMARK [3][-]{subsubsection.4.4.1.1}{\376\377\000M\000y\000V\000r\000e\000p}{subsection.4.4.1}% 33
\BOOKMARK [2][-]{subsection.4.4.2}{\376\377\000M\000e\000m\000b\000e\000r\000\040\000F\000u\000n\000c\000t\000i\000o\000n\000\040\000D\000o\000c\000u\000m\000e\000n\000t\000a\000t\000i\000o\000n}{section.4.4}% 34
\BOOKMARK [3][-]{subsubsection.4.4.2.1}{\376\377\000E\000n\000a\000b\000l\000e\000P\000u\000b\000l\000i\000s\000h\000e\000r}{subsection.4.4.2}% 35
\BOOKMARK [3][-]{subsubsection.4.4.2.2}{\376\377\000E\000n\000a\000b\000l\000e\000S\000u\000b\000s\000c\000r\000i\000b\000e\000r}{subsection.4.4.2}% 36
\BOOKMARK [3][-]{subsubsection.4.4.2.3}{\376\377\000G\000e\000t\000O\000b\000j\000e\000c\000t\000H\000a\000n\000d\000l\000e}{subsection.4.4.2}% 37
\BOOKMARK [3][-]{subsubsection.4.4.2.4}{\376\377\000G\000e\000t\000O\000b\000j\000e\000c\000t\000P\000o\000s\000e}{subsection.4.4.2}% 38
\BOOKMARK [3][-]{subsubsection.4.4.2.5}{\376\377\000G\000e\000t\000T\000i\000m\000e}{subsection.4.4.2}% 39
\BOOKMARK [3][-]{subsubsection.4.4.2.6}{\376\377\000I\000s\000R\000u\000n}{subsection.4.4.2}% 40
\BOOKMARK [3][-]{subsubsection.4.4.2.7}{\376\377\000L\000o\000a\000d\000M\000o\000d\000e\000l}{subsection.4.4.2}% 41
\BOOKMARK [3][-]{subsubsection.4.4.2.8}{\376\377\000R\000e\000m\000o\000v\000e\000M\000o\000d\000e\000l}{subsection.4.4.2}% 42
\BOOKMARK [3][-]{subsubsection.4.4.2.9}{\376\377\000R\000e\000m\000o\000v\000e\000M\000o\000d\000e\000l}{subsection.4.4.2}% 43
\BOOKMARK [3][-]{subsubsection.4.4.2.10}{\376\377\000S\000e\000t\000J\000o\000i\000n\000t\000T\000a\000r\000g\000e\000t\000P\000o\000s\000i\000t\000i\000o\000n}{subsection.4.4.2}% 44
\BOOKMARK [3][-]{subsubsection.4.4.2.11}{\376\377\000S\000e\000t\000J\000o\000i\000n\000t\000T\000a\000r\000g\000e\000t\000P\000o\000s\000i\000t\000i\000o\000n}{subsection.4.4.2}% 45
\BOOKMARK [3][-]{subsubsection.4.4.2.12}{\376\377\000S\000e\000t\000J\000o\000i\000n\000t\000T\000a\000r\000g\000e\000t\000V\000e\000l\000o\000c\000i\000t\000y}{subsection.4.4.2}% 46
\BOOKMARK [3][-]{subsubsection.4.4.2.13}{\376\377\000S\000e\000t\000J\000o\000i\000n\000t\000T\000a\000r\000g\000e\000t\000V\000e\000l\000o\000c\000i\000t\000y}{subsection.4.4.2}% 47
\BOOKMARK [0][-]{chapter.5}{\376\377\000F\000i\000l\000e\000\040\000D\000o\000c\000u\000m\000e\000n\000t\000a\000t\000i\000o\000n}{}% 48
\BOOKMARK [1][-]{section.5.1}{\376\377\000m\000y\000r\000o\000s\000.\000h\000\040\000F\000i\000l\000e\000\040\000R\000e\000f\000e\000r\000e\000n\000c\000e}{chapter.5}% 49
\BOOKMARK [2][-]{subsection.5.1.1}{\376\377\000D\000e\000t\000a\000i\000l\000e\000d\000\040\000D\000e\000s\000c\000r\000i\000p\000t\000i\000o\000n}{section.5.1}% 50
\BOOKMARK [1][-]{section.5.2}{\376\377\000m\000y\000v\000r\000e\000p\000.\000h\000\040\000F\000i\000l\000e\000\040\000R\000e\000f\000e\000r\000e\000n\000c\000e}{chapter.5}% 51
\BOOKMARK [2][-]{subsection.5.2.1}{\376\377\000D\000e\000t\000a\000i\000l\000e\000d\000\040\000D\000e\000s\000c\000r\000i\000p\000t\000i\000o\000n}{section.5.2}% 52
\BOOKMARK [0][-]{section*.11}{\376\377\000I\000n\000d\000e\000x}{}% 53
